<?xml version="1.0" encoding="UTF-8"?>
<testsuite xmlns:xsi="http://www.w3.org/2001/XMLSchema-instance" xsi:noNamespaceSchemaLocation="https://maven.apache.org/surefire/maven-surefire-plugin/xsd/surefire-test-report-3.0.xsd" version="3.0" name="com.carlosamaral.dass21.Dass21ApplicationTests" time="5.363" tests="1" errors="0" skipped="0" failures="0">
  <properties>
    <property name="sonar.projectName" value="&apos;dass21&apos;"/>
    <property name="java.specification.version" value="21"/>
    <property name="sonar.host.url" value="http://localhost:9000"/>
    <property name="sun.jnu.encoding" value="UTF-8"/>
    <property name="java.class.path" value="/Users/carlosabdoamaral/Documents/dass21/target/test-classes:/Users/carlosabdoamaral/Documents/dass21/target/classes:/Users/carlosabdoamaral/.m2/repository/org/springframework/boot/spring-boot-starter-actuator/3.2.0/spring-boot-starter-actuator-3.2.0.jar:/Users/carlosabdoamaral/.m2/repository/org/springframework/boot/spring-boot-starter/3.2.0/spring-boot-starter-3.2.0.jar:/Users/carlosabdoamaral/.m2/repository/org/springframework/boot/spring-boot-starter-logging/3.2.0/spring-boot-starter-logging-3.2.0.jar:/Users/carlosabdoamaral/.m2/repository/ch/qos/logback/logback-classic/1.4.11/logback-classic-1.4.11.jar:/Users/carlosabdoamaral/.m2/repository/ch/qos/logback/logback-core/1.4.11/logback-core-1.4.11.jar:/Users/carlosabdoamaral/.m2/repository/org/apache/logging/log4j/log4j-to-slf4j/2.21.1/log4j-to-slf4j-2.21.1.jar:/Users/carlosabdoamaral/.m2/repository/org/apache/logging/log4j/log4j-api/2.21.1/log4j-api-2.21.1.jar:/Users/carlosabdoamaral/.m2/repository/org/slf4j/jul-to-slf4j/2.0.9/jul-to-slf4j-2.0.9.jar:/Users/carlosabdoamaral/.m2/repository/jakarta/annotation/jakarta.annotation-api/2.1.1/jakarta.annotation-api-2.1.1.jar:/Users/carlosabdoamaral/.m2/repository/org/yaml/snakeyaml/2.2/snakeyaml-2.2.jar:/Users/carlosabdoamaral/.m2/repository/org/springframework/boot/spring-boot-actuator-autoconfigure/3.2.0/spring-boot-actuator-autoconfigure-3.2.0.jar:/Users/carlosabdoamaral/.m2/repository/org/springframework/boot/spring-boot-actuator/3.2.0/spring-boot-actuator-3.2.0.jar:/Users/carlosabdoamaral/.m2/repository/com/fasterxml/jackson/datatype/jackson-datatype-jsr310/2.15.3/jackson-datatype-jsr310-2.15.3.jar:/Users/carlosabdoamaral/.m2/repository/io/micrometer/micrometer-observation/1.12.0/micrometer-observation-1.12.0.jar:/Users/carlosabdoamaral/.m2/repository/io/micrometer/micrometer-commons/1.12.0/micrometer-commons-1.12.0.jar:/Users/carlosabdoamaral/.m2/repository/io/micrometer/micrometer-jakarta9/1.12.0/micrometer-jakarta9-1.12.0.jar:/Users/carlosabdoamaral/.m2/repository/org/springframework/boot/spring-boot-starter-amqp/3.2.0/spring-boot-starter-amqp-3.2.0.jar:/Users/carlosabdoamaral/.m2/repository/org/springframework/spring-messaging/6.1.1/spring-messaging-6.1.1.jar:/Users/carlosabdoamaral/.m2/repository/org/springframework/spring-beans/6.1.1/spring-beans-6.1.1.jar:/Users/carlosabdoamaral/.m2/repository/org/springframework/amqp/spring-rabbit/3.1.0/spring-rabbit-3.1.0.jar:/Users/carlosabdoamaral/.m2/repository/org/springframework/amqp/spring-amqp/3.1.0/spring-amqp-3.1.0.jar:/Users/carlosabdoamaral/.m2/repository/org/springframework/retry/spring-retry/2.0.4/spring-retry-2.0.4.jar:/Users/carlosabdoamaral/.m2/repository/com/rabbitmq/amqp-client/5.19.0/amqp-client-5.19.0.jar:/Users/carlosabdoamaral/.m2/repository/org/springframework/spring-context/6.1.1/spring-context-6.1.1.jar:/Users/carlosabdoamaral/.m2/repository/org/springframework/spring-tx/6.1.1/spring-tx-6.1.1.jar:/Users/carlosabdoamaral/.m2/repository/org/springframework/boot/spring-boot-starter-data-jdbc/3.2.0/spring-boot-starter-data-jdbc-3.2.0.jar:/Users/carlosabdoamaral/.m2/repository/org/springframework/data/spring-data-jdbc/3.2.0/spring-data-jdbc-3.2.0.jar:/Users/carlosabdoamaral/.m2/repository/org/springframework/data/spring-data-relational/3.2.0/spring-data-relational-3.2.0.jar:/Users/carlosabdoamaral/.m2/repository/com/github/jsqlparser/jsqlparser/4.6/jsqlparser-4.6.jar:/Users/carlosabdoamaral/.m2/repository/org/springframework/data/spring-data-commons/3.2.0/spring-data-commons-3.2.0.jar:/Users/carlosabdoamaral/.m2/repository/org/slf4j/slf4j-api/2.0.9/slf4j-api-2.0.9.jar:/Users/carlosabdoamaral/.m2/repository/org/springframework/boot/spring-boot-starter-data-jpa/3.2.0/spring-boot-starter-data-jpa-3.2.0.jar:/Users/carlosabdoamaral/.m2/repository/org/springframework/boot/spring-boot-starter-aop/3.2.0/spring-boot-starter-aop-3.2.0.jar:/Users/carlosabdoamaral/.m2/repository/org/springframework/spring-aop/6.1.1/spring-aop-6.1.1.jar:/Users/carlosabdoamaral/.m2/repository/org/aspectj/aspectjweaver/1.9.20.1/aspectjweaver-1.9.20.1.jar:/Users/carlosabdoamaral/.m2/repository/org/hibernate/orm/hibernate-core/6.3.1.Final/hibernate-core-6.3.1.Final.jar:/Users/carlosabdoamaral/.m2/repository/jakarta/persistence/jakarta.persistence-api/3.1.0/jakarta.persistence-api-3.1.0.jar:/Users/carlosabdoamaral/.m2/repository/jakarta/transaction/jakarta.transaction-api/2.0.1/jakarta.transaction-api-2.0.1.jar:/Users/carlosabdoamaral/.m2/repository/org/jboss/logging/jboss-logging/3.5.3.Final/jboss-logging-3.5.3.Final.jar:/Users/carlosabdoamaral/.m2/repository/org/hibernate/common/hibernate-commons-annotations/6.0.6.Final/hibernate-commons-annotations-6.0.6.Final.jar:/Users/carlosabdoamaral/.m2/repository/io/smallrye/jandex/3.1.2/jandex-3.1.2.jar:/Users/carlosabdoamaral/.m2/repository/com/fasterxml/classmate/1.6.0/classmate-1.6.0.jar:/Users/carlosabdoamaral/.m2/repository/net/bytebuddy/byte-buddy/1.14.10/byte-buddy-1.14.10.jar:/Users/carlosabdoamaral/.m2/repository/org/glassfish/jaxb/jaxb-runtime/4.0.4/jaxb-runtime-4.0.4.jar:/Users/carlosabdoamaral/.m2/repository/org/glassfish/jaxb/jaxb-core/4.0.4/jaxb-core-4.0.4.jar:/Users/carlosabdoamaral/.m2/repository/org/eclipse/angus/angus-activation/2.0.1/angus-activation-2.0.1.jar:/Users/carlosabdoamaral/.m2/repository/org/glassfish/jaxb/txw2/4.0.4/txw2-4.0.4.jar:/Users/carlosabdoamaral/.m2/repository/com/sun/istack/istack-commons-runtime/4.1.2/istack-commons-runtime-4.1.2.jar:/Users/carlosabdoamaral/.m2/repository/jakarta/inject/jakarta.inject-api/2.0.1/jakarta.inject-api-2.0.1.jar:/Users/carlosabdoamaral/.m2/repository/org/antlr/antlr4-runtime/4.10.1/antlr4-runtime-4.10.1.jar:/Users/carlosabdoamaral/.m2/repository/org/springframework/data/spring-data-jpa/3.2.0/spring-data-jpa-3.2.0.jar:/Users/carlosabdoamaral/.m2/repository/org/springframework/spring-orm/6.1.1/spring-orm-6.1.1.jar:/Users/carlosabdoamaral/.m2/repository/org/springframework/spring-aspects/6.1.1/spring-aspects-6.1.1.jar:/Users/carlosabdoamaral/.m2/repository/org/springframework/boot/spring-boot-starter-data-rest/3.2.0/spring-boot-starter-data-rest-3.2.0.jar:/Users/carlosabdoamaral/.m2/repository/org/springframework/data/spring-data-rest-webmvc/4.2.0/spring-data-rest-webmvc-4.2.0.jar:/Users/carlosabdoamaral/.m2/repository/org/springframework/data/spring-data-rest-core/4.2.0/spring-data-rest-core-4.2.0.jar:/Users/carlosabdoamaral/.m2/repository/org/springframework/hateoas/spring-hateoas/2.2.0/spring-hateoas-2.2.0.jar:/Users/carlosabdoamaral/.m2/repository/org/springframework/plugin/spring-plugin-core/3.0.0/spring-plugin-core-3.0.0.jar:/Users/carlosabdoamaral/.m2/repository/org/atteo/evo-inflector/1.3/evo-inflector-1.3.jar:/Users/carlosabdoamaral/.m2/repository/com/fasterxml/jackson/core/jackson-annotations/2.15.3/jackson-annotations-2.15.3.jar:/Users/carlosabdoamaral/.m2/repository/org/springframework/boot/spring-boot-starter-jdbc/3.2.0/spring-boot-starter-jdbc-3.2.0.jar:/Users/carlosabdoamaral/.m2/repository/com/zaxxer/HikariCP/5.0.1/HikariCP-5.0.1.jar:/Users/carlosabdoamaral/.m2/repository/org/springframework/spring-jdbc/6.1.1/spring-jdbc-6.1.1.jar:/Users/carlosabdoamaral/.m2/repository/org/springframework/boot/spring-boot-starter-validation/3.2.0/spring-boot-starter-validation-3.2.0.jar:/Users/carlosabdoamaral/.m2/repository/org/apache/tomcat/embed/tomcat-embed-el/10.1.16/tomcat-embed-el-10.1.16.jar:/Users/carlosabdoamaral/.m2/repository/org/hibernate/validator/hibernate-validator/8.0.1.Final/hibernate-validator-8.0.1.Final.jar:/Users/carlosabdoamaral/.m2/repository/jakarta/validation/jakarta.validation-api/3.0.2/jakarta.validation-api-3.0.2.jar:/Users/carlosabdoamaral/.m2/repository/org/springframework/boot/spring-boot-starter-web/3.2.0/spring-boot-starter-web-3.2.0.jar:/Users/carlosabdoamaral/.m2/repository/org/springframework/boot/spring-boot-starter-json/3.2.0/spring-boot-starter-json-3.2.0.jar:/Users/carlosabdoamaral/.m2/repository/com/fasterxml/jackson/datatype/jackson-datatype-jdk8/2.15.3/jackson-datatype-jdk8-2.15.3.jar:/Users/carlosabdoamaral/.m2/repository/org/springframework/boot/spring-boot-starter-tomcat/3.2.0/spring-boot-starter-tomcat-3.2.0.jar:/Users/carlosabdoamaral/.m2/repository/org/apache/tomcat/embed/tomcat-embed-core/10.1.16/tomcat-embed-core-10.1.16.jar:/Users/carlosabdoamaral/.m2/repository/org/apache/tomcat/embed/tomcat-embed-websocket/10.1.16/tomcat-embed-websocket-10.1.16.jar:/Users/carlosabdoamaral/.m2/repository/org/springframework/spring-web/6.1.1/spring-web-6.1.1.jar:/Users/carlosabdoamaral/.m2/repository/org/springframework/spring-webmvc/6.1.1/spring-webmvc-6.1.1.jar:/Users/carlosabdoamaral/.m2/repository/org/springframework/spring-expression/6.1.1/spring-expression-6.1.1.jar:/Users/carlosabdoamaral/.m2/repository/org/springframework/boot/spring-boot-devtools/3.2.0/spring-boot-devtools-3.2.0.jar:/Users/carlosabdoamaral/.m2/repository/org/springframework/boot/spring-boot/3.2.0/spring-boot-3.2.0.jar:/Users/carlosabdoamaral/.m2/repository/org/springframework/boot/spring-boot-autoconfigure/3.2.0/spring-boot-autoconfigure-3.2.0.jar:/Users/carlosabdoamaral/.m2/repository/org/springframework/boot/spring-boot-docker-compose/3.2.0/spring-boot-docker-compose-3.2.0.jar:/Users/carlosabdoamaral/.m2/repository/com/fasterxml/jackson/core/jackson-databind/2.15.3/jackson-databind-2.15.3.jar:/Users/carlosabdoamaral/.m2/repository/com/fasterxml/jackson/core/jackson-core/2.15.3/jackson-core-2.15.3.jar:/Users/carlosabdoamaral/.m2/repository/com/fasterxml/jackson/module/jackson-module-parameter-names/2.15.3/jackson-module-parameter-names-2.15.3.jar:/Users/carlosabdoamaral/.m2/repository/io/micrometer/micrometer-registry-prometheus/1.12.0/micrometer-registry-prometheus-1.12.0.jar:/Users/carlosabdoamaral/.m2/repository/io/micrometer/micrometer-core/1.12.0/micrometer-core-1.12.0.jar:/Users/carlosabdoamaral/.m2/repository/org/hdrhistogram/HdrHistogram/2.1.12/HdrHistogram-2.1.12.jar:/Users/carlosabdoamaral/.m2/repository/org/latencyutils/LatencyUtils/2.0.3/LatencyUtils-2.0.3.jar:/Users/carlosabdoamaral/.m2/repository/io/prometheus/simpleclient_common/0.16.0/simpleclient_common-0.16.0.jar:/Users/carlosabdoamaral/.m2/repository/io/prometheus/simpleclient/0.16.0/simpleclient-0.16.0.jar:/Users/carlosabdoamaral/.m2/repository/io/prometheus/simpleclient_tracer_otel/0.16.0/simpleclient_tracer_otel-0.16.0.jar:/Users/carlosabdoamaral/.m2/repository/io/prometheus/simpleclient_tracer_common/0.16.0/simpleclient_tracer_common-0.16.0.jar:/Users/carlosabdoamaral/.m2/repository/io/prometheus/simpleclient_tracer_otel_agent/0.16.0/simpleclient_tracer_otel_agent-0.16.0.jar:/Users/carlosabdoamaral/.m2/repository/org/postgresql/postgresql/42.6.0/postgresql-42.6.0.jar:/Users/carlosabdoamaral/.m2/repository/org/checkerframework/checker-qual/3.31.0/checker-qual-3.31.0.jar:/Users/carlosabdoamaral/.m2/repository/org/springframework/boot/spring-boot-starter-test/3.2.0/spring-boot-starter-test-3.2.0.jar:/Users/carlosabdoamaral/.m2/repository/org/springframework/boot/spring-boot-test/3.2.0/spring-boot-test-3.2.0.jar:/Users/carlosabdoamaral/.m2/repository/org/springframework/boot/spring-boot-test-autoconfigure/3.2.0/spring-boot-test-autoconfigure-3.2.0.jar:/Users/carlosabdoamaral/.m2/repository/com/jayway/jsonpath/json-path/2.8.0/json-path-2.8.0.jar:/Users/carlosabdoamaral/.m2/repository/jakarta/xml/bind/jakarta.xml.bind-api/4.0.1/jakarta.xml.bind-api-4.0.1.jar:/Users/carlosabdoamaral/.m2/repository/jakarta/activation/jakarta.activation-api/2.1.2/jakarta.activation-api-2.1.2.jar:/Users/carlosabdoamaral/.m2/repository/net/minidev/json-smart/2.5.0/json-smart-2.5.0.jar:/Users/carlosabdoamaral/.m2/repository/net/minidev/accessors-smart/2.5.0/accessors-smart-2.5.0.jar:/Users/carlosabdoamaral/.m2/repository/org/ow2/asm/asm/9.3/asm-9.3.jar:/Users/carlosabdoamaral/.m2/repository/org/assertj/assertj-core/3.24.2/assertj-core-3.24.2.jar:/Users/carlosabdoamaral/.m2/repository/org/awaitility/awaitility/4.2.0/awaitility-4.2.0.jar:/Users/carlosabdoamaral/.m2/repository/org/hamcrest/hamcrest/2.2/hamcrest-2.2.jar:/Users/carlosabdoamaral/.m2/repository/org/junit/jupiter/junit-jupiter/5.10.1/junit-jupiter-5.10.1.jar:/Users/carlosabdoamaral/.m2/repository/org/junit/jupiter/junit-jupiter-api/5.10.1/junit-jupiter-api-5.10.1.jar:/Users/carlosabdoamaral/.m2/repository/org/opentest4j/opentest4j/1.3.0/opentest4j-1.3.0.jar:/Users/carlosabdoamaral/.m2/repository/org/junit/platform/junit-platform-commons/1.10.1/junit-platform-commons-1.10.1.jar:/Users/carlosabdoamaral/.m2/repository/org/apiguardian/apiguardian-api/1.1.2/apiguardian-api-1.1.2.jar:/Users/carlosabdoamaral/.m2/repository/org/junit/jupiter/junit-jupiter-params/5.10.1/junit-jupiter-params-5.10.1.jar:/Users/carlosabdoamaral/.m2/repository/org/junit/jupiter/junit-jupiter-engine/5.10.1/junit-jupiter-engine-5.10.1.jar:/Users/carlosabdoamaral/.m2/repository/org/junit/platform/junit-platform-engine/1.10.1/junit-platform-engine-1.10.1.jar:/Users/carlosabdoamaral/.m2/repository/org/mockito/mockito-core/5.7.0/mockito-core-5.7.0.jar:/Users/carlosabdoamaral/.m2/repository/net/bytebuddy/byte-buddy-agent/1.14.10/byte-buddy-agent-1.14.10.jar:/Users/carlosabdoamaral/.m2/repository/org/objenesis/objenesis/3.3/objenesis-3.3.jar:/Users/carlosabdoamaral/.m2/repository/org/mockito/mockito-junit-jupiter/5.7.0/mockito-junit-jupiter-5.7.0.jar:/Users/carlosabdoamaral/.m2/repository/org/skyscreamer/jsonassert/1.5.1/jsonassert-1.5.1.jar:/Users/carlosabdoamaral/.m2/repository/com/vaadin/external/google/android-json/0.0.20131108.vaadin1/android-json-0.0.20131108.vaadin1.jar:/Users/carlosabdoamaral/.m2/repository/org/springframework/spring-core/6.1.1/spring-core-6.1.1.jar:/Users/carlosabdoamaral/.m2/repository/org/springframework/spring-jcl/6.1.1/spring-jcl-6.1.1.jar:/Users/carlosabdoamaral/.m2/repository/org/springframework/spring-test/6.1.1/spring-test-6.1.1.jar:/Users/carlosabdoamaral/.m2/repository/org/xmlunit/xmlunit-core/2.9.1/xmlunit-core-2.9.1.jar:/Users/carlosabdoamaral/.m2/repository/org/springframework/amqp/spring-rabbit-test/3.1.0/spring-rabbit-test-3.1.0.jar:/Users/carlosabdoamaral/.m2/repository/org/springframework/amqp/spring-rabbit-junit/3.1.0/spring-rabbit-junit-3.1.0.jar:/Users/carlosabdoamaral/.m2/repository/org/hamcrest/hamcrest-library/2.2/hamcrest-library-2.2.jar:/Users/carlosabdoamaral/.m2/repository/org/hamcrest/hamcrest-core/2.2/hamcrest-core-2.2.jar:/Users/carlosabdoamaral/.m2/repository/org/springdoc/springdoc-openapi-starter-webmvc-ui/2.0.2/springdoc-openapi-starter-webmvc-ui-2.0.2.jar:/Users/carlosabdoamaral/.m2/repository/org/springdoc/springdoc-openapi-starter-webmvc-api/2.0.2/springdoc-openapi-starter-webmvc-api-2.0.2.jar:/Users/carlosabdoamaral/.m2/repository/org/springdoc/springdoc-openapi-starter-common/2.0.2/springdoc-openapi-starter-common-2.0.2.jar:/Users/carlosabdoamaral/.m2/repository/io/swagger/core/v3/swagger-core-jakarta/2.2.7/swagger-core-jakarta-2.2.7.jar:/Users/carlosabdoamaral/.m2/repository/org/apache/commons/commons-lang3/3.13.0/commons-lang3-3.13.0.jar:/Users/carlosabdoamaral/.m2/repository/io/swagger/core/v3/swagger-annotations-jakarta/2.2.7/swagger-annotations-jakarta-2.2.7.jar:/Users/carlosabdoamaral/.m2/repository/io/swagger/core/v3/swagger-models-jakarta/2.2.7/swagger-models-jakarta-2.2.7.jar:/Users/carlosabdoamaral/.m2/repository/com/fasterxml/jackson/dataformat/jackson-dataformat-yaml/2.15.3/jackson-dataformat-yaml-2.15.3.jar:/Users/carlosabdoamaral/.m2/repository/org/webjars/swagger-ui/4.15.5/swagger-ui-4.15.5.jar:/Users/carlosabdoamaral/.m2/repository/org/webjars/webjars-locator-core/0.55/webjars-locator-core-0.55.jar:/Users/carlosabdoamaral/.m2/repository/io/github/classgraph/classgraph/4.8.149/classgraph-4.8.149.jar:"/>
    <property name="java.vm.vendor" value="Oracle Corporation"/>
    <property name="sun.arch.data.model" value="64"/>
    <property name="java.vendor.url" value="https://java.oracle.com/"/>
    <property name="user.timezone" value="America/Sao_Paulo"/>
    <property name="org.jboss.logging.provider" value="slf4j"/>
    <property name="os.name" value="Mac OS X"/>
    <property name="java.vm.specification.version" value="21"/>
    <property name="sun.java.launcher" value="SUN_STANDARD"/>
    <property name="user.country" value="BR"/>
    <property name="sun.boot.library.path" value="/Users/carlosabdoamaral/Library/Java/JavaVirtualMachines/openjdk-21.0.1/Contents/Home/lib"/>
    <property name="sun.java.command" value="/Users/carlosabdoamaral/Documents/dass21/target/surefire/surefirebooter-20231213231557245_3.jar /Users/carlosabdoamaral/Documents/dass21/target/surefire 2023-12-13T23-15-57_183-jvmRun1 surefire-20231213231557245_1tmp surefire_0-20231213231557245_2tmp"/>
    <property name="http.nonProxyHosts" value="local|*.local|169.254/16|*.169.254/16"/>
    <property name="jdk.debug" value="release"/>
    <property name="surefire.test.class.path" value="/Users/carlosabdoamaral/Documents/dass21/target/test-classes:/Users/carlosabdoamaral/Documents/dass21/target/classes:/Users/carlosabdoamaral/.m2/repository/org/springframework/boot/spring-boot-starter-actuator/3.2.0/spring-boot-starter-actuator-3.2.0.jar:/Users/carlosabdoamaral/.m2/repository/org/springframework/boot/spring-boot-starter/3.2.0/spring-boot-starter-3.2.0.jar:/Users/carlosabdoamaral/.m2/repository/org/springframework/boot/spring-boot-starter-logging/3.2.0/spring-boot-starter-logging-3.2.0.jar:/Users/carlosabdoamaral/.m2/repository/ch/qos/logback/logback-classic/1.4.11/logback-classic-1.4.11.jar:/Users/carlosabdoamaral/.m2/repository/ch/qos/logback/logback-core/1.4.11/logback-core-1.4.11.jar:/Users/carlosabdoamaral/.m2/repository/org/apache/logging/log4j/log4j-to-slf4j/2.21.1/log4j-to-slf4j-2.21.1.jar:/Users/carlosabdoamaral/.m2/repository/org/apache/logging/log4j/log4j-api/2.21.1/log4j-api-2.21.1.jar:/Users/carlosabdoamaral/.m2/repository/org/slf4j/jul-to-slf4j/2.0.9/jul-to-slf4j-2.0.9.jar:/Users/carlosabdoamaral/.m2/repository/jakarta/annotation/jakarta.annotation-api/2.1.1/jakarta.annotation-api-2.1.1.jar:/Users/carlosabdoamaral/.m2/repository/org/yaml/snakeyaml/2.2/snakeyaml-2.2.jar:/Users/carlosabdoamaral/.m2/repository/org/springframework/boot/spring-boot-actuator-autoconfigure/3.2.0/spring-boot-actuator-autoconfigure-3.2.0.jar:/Users/carlosabdoamaral/.m2/repository/org/springframework/boot/spring-boot-actuator/3.2.0/spring-boot-actuator-3.2.0.jar:/Users/carlosabdoamaral/.m2/repository/com/fasterxml/jackson/datatype/jackson-datatype-jsr310/2.15.3/jackson-datatype-jsr310-2.15.3.jar:/Users/carlosabdoamaral/.m2/repository/io/micrometer/micrometer-observation/1.12.0/micrometer-observation-1.12.0.jar:/Users/carlosabdoamaral/.m2/repository/io/micrometer/micrometer-commons/1.12.0/micrometer-commons-1.12.0.jar:/Users/carlosabdoamaral/.m2/repository/io/micrometer/micrometer-jakarta9/1.12.0/micrometer-jakarta9-1.12.0.jar:/Users/carlosabdoamaral/.m2/repository/org/springframework/boot/spring-boot-starter-amqp/3.2.0/spring-boot-starter-amqp-3.2.0.jar:/Users/carlosabdoamaral/.m2/repository/org/springframework/spring-messaging/6.1.1/spring-messaging-6.1.1.jar:/Users/carlosabdoamaral/.m2/repository/org/springframework/spring-beans/6.1.1/spring-beans-6.1.1.jar:/Users/carlosabdoamaral/.m2/repository/org/springframework/amqp/spring-rabbit/3.1.0/spring-rabbit-3.1.0.jar:/Users/carlosabdoamaral/.m2/repository/org/springframework/amqp/spring-amqp/3.1.0/spring-amqp-3.1.0.jar:/Users/carlosabdoamaral/.m2/repository/org/springframework/retry/spring-retry/2.0.4/spring-retry-2.0.4.jar:/Users/carlosabdoamaral/.m2/repository/com/rabbitmq/amqp-client/5.19.0/amqp-client-5.19.0.jar:/Users/carlosabdoamaral/.m2/repository/org/springframework/spring-context/6.1.1/spring-context-6.1.1.jar:/Users/carlosabdoamaral/.m2/repository/org/springframework/spring-tx/6.1.1/spring-tx-6.1.1.jar:/Users/carlosabdoamaral/.m2/repository/org/springframework/boot/spring-boot-starter-data-jdbc/3.2.0/spring-boot-starter-data-jdbc-3.2.0.jar:/Users/carlosabdoamaral/.m2/repository/org/springframework/data/spring-data-jdbc/3.2.0/spring-data-jdbc-3.2.0.jar:/Users/carlosabdoamaral/.m2/repository/org/springframework/data/spring-data-relational/3.2.0/spring-data-relational-3.2.0.jar:/Users/carlosabdoamaral/.m2/repository/com/github/jsqlparser/jsqlparser/4.6/jsqlparser-4.6.jar:/Users/carlosabdoamaral/.m2/repository/org/springframework/data/spring-data-commons/3.2.0/spring-data-commons-3.2.0.jar:/Users/carlosabdoamaral/.m2/repository/org/slf4j/slf4j-api/2.0.9/slf4j-api-2.0.9.jar:/Users/carlosabdoamaral/.m2/repository/org/springframework/boot/spring-boot-starter-data-jpa/3.2.0/spring-boot-starter-data-jpa-3.2.0.jar:/Users/carlosabdoamaral/.m2/repository/org/springframework/boot/spring-boot-starter-aop/3.2.0/spring-boot-starter-aop-3.2.0.jar:/Users/carlosabdoamaral/.m2/repository/org/springframework/spring-aop/6.1.1/spring-aop-6.1.1.jar:/Users/carlosabdoamaral/.m2/repository/org/aspectj/aspectjweaver/1.9.20.1/aspectjweaver-1.9.20.1.jar:/Users/carlosabdoamaral/.m2/repository/org/hibernate/orm/hibernate-core/6.3.1.Final/hibernate-core-6.3.1.Final.jar:/Users/carlosabdoamaral/.m2/repository/jakarta/persistence/jakarta.persistence-api/3.1.0/jakarta.persistence-api-3.1.0.jar:/Users/carlosabdoamaral/.m2/repository/jakarta/transaction/jakarta.transaction-api/2.0.1/jakarta.transaction-api-2.0.1.jar:/Users/carlosabdoamaral/.m2/repository/org/jboss/logging/jboss-logging/3.5.3.Final/jboss-logging-3.5.3.Final.jar:/Users/carlosabdoamaral/.m2/repository/org/hibernate/common/hibernate-commons-annotations/6.0.6.Final/hibernate-commons-annotations-6.0.6.Final.jar:/Users/carlosabdoamaral/.m2/repository/io/smallrye/jandex/3.1.2/jandex-3.1.2.jar:/Users/carlosabdoamaral/.m2/repository/com/fasterxml/classmate/1.6.0/classmate-1.6.0.jar:/Users/carlosabdoamaral/.m2/repository/net/bytebuddy/byte-buddy/1.14.10/byte-buddy-1.14.10.jar:/Users/carlosabdoamaral/.m2/repository/org/glassfish/jaxb/jaxb-runtime/4.0.4/jaxb-runtime-4.0.4.jar:/Users/carlosabdoamaral/.m2/repository/org/glassfish/jaxb/jaxb-core/4.0.4/jaxb-core-4.0.4.jar:/Users/carlosabdoamaral/.m2/repository/org/eclipse/angus/angus-activation/2.0.1/angus-activation-2.0.1.jar:/Users/carlosabdoamaral/.m2/repository/org/glassfish/jaxb/txw2/4.0.4/txw2-4.0.4.jar:/Users/carlosabdoamaral/.m2/repository/com/sun/istack/istack-commons-runtime/4.1.2/istack-commons-runtime-4.1.2.jar:/Users/carlosabdoamaral/.m2/repository/jakarta/inject/jakarta.inject-api/2.0.1/jakarta.inject-api-2.0.1.jar:/Users/carlosabdoamaral/.m2/repository/org/antlr/antlr4-runtime/4.10.1/antlr4-runtime-4.10.1.jar:/Users/carlosabdoamaral/.m2/repository/org/springframework/data/spring-data-jpa/3.2.0/spring-data-jpa-3.2.0.jar:/Users/carlosabdoamaral/.m2/repository/org/springframework/spring-orm/6.1.1/spring-orm-6.1.1.jar:/Users/carlosabdoamaral/.m2/repository/org/springframework/spring-aspects/6.1.1/spring-aspects-6.1.1.jar:/Users/carlosabdoamaral/.m2/repository/org/springframework/boot/spring-boot-starter-data-rest/3.2.0/spring-boot-starter-data-rest-3.2.0.jar:/Users/carlosabdoamaral/.m2/repository/org/springframework/data/spring-data-rest-webmvc/4.2.0/spring-data-rest-webmvc-4.2.0.jar:/Users/carlosabdoamaral/.m2/repository/org/springframework/data/spring-data-rest-core/4.2.0/spring-data-rest-core-4.2.0.jar:/Users/carlosabdoamaral/.m2/repository/org/springframework/hateoas/spring-hateoas/2.2.0/spring-hateoas-2.2.0.jar:/Users/carlosabdoamaral/.m2/repository/org/springframework/plugin/spring-plugin-core/3.0.0/spring-plugin-core-3.0.0.jar:/Users/carlosabdoamaral/.m2/repository/org/atteo/evo-inflector/1.3/evo-inflector-1.3.jar:/Users/carlosabdoamaral/.m2/repository/com/fasterxml/jackson/core/jackson-annotations/2.15.3/jackson-annotations-2.15.3.jar:/Users/carlosabdoamaral/.m2/repository/org/springframework/boot/spring-boot-starter-jdbc/3.2.0/spring-boot-starter-jdbc-3.2.0.jar:/Users/carlosabdoamaral/.m2/repository/com/zaxxer/HikariCP/5.0.1/HikariCP-5.0.1.jar:/Users/carlosabdoamaral/.m2/repository/org/springframework/spring-jdbc/6.1.1/spring-jdbc-6.1.1.jar:/Users/carlosabdoamaral/.m2/repository/org/springframework/boot/spring-boot-starter-validation/3.2.0/spring-boot-starter-validation-3.2.0.jar:/Users/carlosabdoamaral/.m2/repository/org/apache/tomcat/embed/tomcat-embed-el/10.1.16/tomcat-embed-el-10.1.16.jar:/Users/carlosabdoamaral/.m2/repository/org/hibernate/validator/hibernate-validator/8.0.1.Final/hibernate-validator-8.0.1.Final.jar:/Users/carlosabdoamaral/.m2/repository/jakarta/validation/jakarta.validation-api/3.0.2/jakarta.validation-api-3.0.2.jar:/Users/carlosabdoamaral/.m2/repository/org/springframework/boot/spring-boot-starter-web/3.2.0/spring-boot-starter-web-3.2.0.jar:/Users/carlosabdoamaral/.m2/repository/org/springframework/boot/spring-boot-starter-json/3.2.0/spring-boot-starter-json-3.2.0.jar:/Users/carlosabdoamaral/.m2/repository/com/fasterxml/jackson/datatype/jackson-datatype-jdk8/2.15.3/jackson-datatype-jdk8-2.15.3.jar:/Users/carlosabdoamaral/.m2/repository/org/springframework/boot/spring-boot-starter-tomcat/3.2.0/spring-boot-starter-tomcat-3.2.0.jar:/Users/carlosabdoamaral/.m2/repository/org/apache/tomcat/embed/tomcat-embed-core/10.1.16/tomcat-embed-core-10.1.16.jar:/Users/carlosabdoamaral/.m2/repository/org/apache/tomcat/embed/tomcat-embed-websocket/10.1.16/tomcat-embed-websocket-10.1.16.jar:/Users/carlosabdoamaral/.m2/repository/org/springframework/spring-web/6.1.1/spring-web-6.1.1.jar:/Users/carlosabdoamaral/.m2/repository/org/springframework/spring-webmvc/6.1.1/spring-webmvc-6.1.1.jar:/Users/carlosabdoamaral/.m2/repository/org/springframework/spring-expression/6.1.1/spring-expression-6.1.1.jar:/Users/carlosabdoamaral/.m2/repository/org/springframework/boot/spring-boot-devtools/3.2.0/spring-boot-devtools-3.2.0.jar:/Users/carlosabdoamaral/.m2/repository/org/springframework/boot/spring-boot/3.2.0/spring-boot-3.2.0.jar:/Users/carlosabdoamaral/.m2/repository/org/springframework/boot/spring-boot-autoconfigure/3.2.0/spring-boot-autoconfigure-3.2.0.jar:/Users/carlosabdoamaral/.m2/repository/org/springframework/boot/spring-boot-docker-compose/3.2.0/spring-boot-docker-compose-3.2.0.jar:/Users/carlosabdoamaral/.m2/repository/com/fasterxml/jackson/core/jackson-databind/2.15.3/jackson-databind-2.15.3.jar:/Users/carlosabdoamaral/.m2/repository/com/fasterxml/jackson/core/jackson-core/2.15.3/jackson-core-2.15.3.jar:/Users/carlosabdoamaral/.m2/repository/com/fasterxml/jackson/module/jackson-module-parameter-names/2.15.3/jackson-module-parameter-names-2.15.3.jar:/Users/carlosabdoamaral/.m2/repository/io/micrometer/micrometer-registry-prometheus/1.12.0/micrometer-registry-prometheus-1.12.0.jar:/Users/carlosabdoamaral/.m2/repository/io/micrometer/micrometer-core/1.12.0/micrometer-core-1.12.0.jar:/Users/carlosabdoamaral/.m2/repository/org/hdrhistogram/HdrHistogram/2.1.12/HdrHistogram-2.1.12.jar:/Users/carlosabdoamaral/.m2/repository/org/latencyutils/LatencyUtils/2.0.3/LatencyUtils-2.0.3.jar:/Users/carlosabdoamaral/.m2/repository/io/prometheus/simpleclient_common/0.16.0/simpleclient_common-0.16.0.jar:/Users/carlosabdoamaral/.m2/repository/io/prometheus/simpleclient/0.16.0/simpleclient-0.16.0.jar:/Users/carlosabdoamaral/.m2/repository/io/prometheus/simpleclient_tracer_otel/0.16.0/simpleclient_tracer_otel-0.16.0.jar:/Users/carlosabdoamaral/.m2/repository/io/prometheus/simpleclient_tracer_common/0.16.0/simpleclient_tracer_common-0.16.0.jar:/Users/carlosabdoamaral/.m2/repository/io/prometheus/simpleclient_tracer_otel_agent/0.16.0/simpleclient_tracer_otel_agent-0.16.0.jar:/Users/carlosabdoamaral/.m2/repository/org/postgresql/postgresql/42.6.0/postgresql-42.6.0.jar:/Users/carlosabdoamaral/.m2/repository/org/checkerframework/checker-qual/3.31.0/checker-qual-3.31.0.jar:/Users/carlosabdoamaral/.m2/repository/org/springframework/boot/spring-boot-starter-test/3.2.0/spring-boot-starter-test-3.2.0.jar:/Users/carlosabdoamaral/.m2/repository/org/springframework/boot/spring-boot-test/3.2.0/spring-boot-test-3.2.0.jar:/Users/carlosabdoamaral/.m2/repository/org/springframework/boot/spring-boot-test-autoconfigure/3.2.0/spring-boot-test-autoconfigure-3.2.0.jar:/Users/carlosabdoamaral/.m2/repository/com/jayway/jsonpath/json-path/2.8.0/json-path-2.8.0.jar:/Users/carlosabdoamaral/.m2/repository/jakarta/xml/bind/jakarta.xml.bind-api/4.0.1/jakarta.xml.bind-api-4.0.1.jar:/Users/carlosabdoamaral/.m2/repository/jakarta/activation/jakarta.activation-api/2.1.2/jakarta.activation-api-2.1.2.jar:/Users/carlosabdoamaral/.m2/repository/net/minidev/json-smart/2.5.0/json-smart-2.5.0.jar:/Users/carlosabdoamaral/.m2/repository/net/minidev/accessors-smart/2.5.0/accessors-smart-2.5.0.jar:/Users/carlosabdoamaral/.m2/repository/org/ow2/asm/asm/9.3/asm-9.3.jar:/Users/carlosabdoamaral/.m2/repository/org/assertj/assertj-core/3.24.2/assertj-core-3.24.2.jar:/Users/carlosabdoamaral/.m2/repository/org/awaitility/awaitility/4.2.0/awaitility-4.2.0.jar:/Users/carlosabdoamaral/.m2/repository/org/hamcrest/hamcrest/2.2/hamcrest-2.2.jar:/Users/carlosabdoamaral/.m2/repository/org/junit/jupiter/junit-jupiter/5.10.1/junit-jupiter-5.10.1.jar:/Users/carlosabdoamaral/.m2/repository/org/junit/jupiter/junit-jupiter-api/5.10.1/junit-jupiter-api-5.10.1.jar:/Users/carlosabdoamaral/.m2/repository/org/opentest4j/opentest4j/1.3.0/opentest4j-1.3.0.jar:/Users/carlosabdoamaral/.m2/repository/org/junit/platform/junit-platform-commons/1.10.1/junit-platform-commons-1.10.1.jar:/Users/carlosabdoamaral/.m2/repository/org/apiguardian/apiguardian-api/1.1.2/apiguardian-api-1.1.2.jar:/Users/carlosabdoamaral/.m2/repository/org/junit/jupiter/junit-jupiter-params/5.10.1/junit-jupiter-params-5.10.1.jar:/Users/carlosabdoamaral/.m2/repository/org/junit/jupiter/junit-jupiter-engine/5.10.1/junit-jupiter-engine-5.10.1.jar:/Users/carlosabdoamaral/.m2/repository/org/junit/platform/junit-platform-engine/1.10.1/junit-platform-engine-1.10.1.jar:/Users/carlosabdoamaral/.m2/repository/org/mockito/mockito-core/5.7.0/mockito-core-5.7.0.jar:/Users/carlosabdoamaral/.m2/repository/net/bytebuddy/byte-buddy-agent/1.14.10/byte-buddy-agent-1.14.10.jar:/Users/carlosabdoamaral/.m2/repository/org/objenesis/objenesis/3.3/objenesis-3.3.jar:/Users/carlosabdoamaral/.m2/repository/org/mockito/mockito-junit-jupiter/5.7.0/mockito-junit-jupiter-5.7.0.jar:/Users/carlosabdoamaral/.m2/repository/org/skyscreamer/jsonassert/1.5.1/jsonassert-1.5.1.jar:/Users/carlosabdoamaral/.m2/repository/com/vaadin/external/google/android-json/0.0.20131108.vaadin1/android-json-0.0.20131108.vaadin1.jar:/Users/carlosabdoamaral/.m2/repository/org/springframework/spring-core/6.1.1/spring-core-6.1.1.jar:/Users/carlosabdoamaral/.m2/repository/org/springframework/spring-jcl/6.1.1/spring-jcl-6.1.1.jar:/Users/carlosabdoamaral/.m2/repository/org/springframework/spring-test/6.1.1/spring-test-6.1.1.jar:/Users/carlosabdoamaral/.m2/repository/org/xmlunit/xmlunit-core/2.9.1/xmlunit-core-2.9.1.jar:/Users/carlosabdoamaral/.m2/repository/org/springframework/amqp/spring-rabbit-test/3.1.0/spring-rabbit-test-3.1.0.jar:/Users/carlosabdoamaral/.m2/repository/org/springframework/amqp/spring-rabbit-junit/3.1.0/spring-rabbit-junit-3.1.0.jar:/Users/carlosabdoamaral/.m2/repository/org/hamcrest/hamcrest-library/2.2/hamcrest-library-2.2.jar:/Users/carlosabdoamaral/.m2/repository/org/hamcrest/hamcrest-core/2.2/hamcrest-core-2.2.jar:/Users/carlosabdoamaral/.m2/repository/org/springdoc/springdoc-openapi-starter-webmvc-ui/2.0.2/springdoc-openapi-starter-webmvc-ui-2.0.2.jar:/Users/carlosabdoamaral/.m2/repository/org/springdoc/springdoc-openapi-starter-webmvc-api/2.0.2/springdoc-openapi-starter-webmvc-api-2.0.2.jar:/Users/carlosabdoamaral/.m2/repository/org/springdoc/springdoc-openapi-starter-common/2.0.2/springdoc-openapi-starter-common-2.0.2.jar:/Users/carlosabdoamaral/.m2/repository/io/swagger/core/v3/swagger-core-jakarta/2.2.7/swagger-core-jakarta-2.2.7.jar:/Users/carlosabdoamaral/.m2/repository/org/apache/commons/commons-lang3/3.13.0/commons-lang3-3.13.0.jar:/Users/carlosabdoamaral/.m2/repository/io/swagger/core/v3/swagger-annotations-jakarta/2.2.7/swagger-annotations-jakarta-2.2.7.jar:/Users/carlosabdoamaral/.m2/repository/io/swagger/core/v3/swagger-models-jakarta/2.2.7/swagger-models-jakarta-2.2.7.jar:/Users/carlosabdoamaral/.m2/repository/com/fasterxml/jackson/dataformat/jackson-dataformat-yaml/2.15.3/jackson-dataformat-yaml-2.15.3.jar:/Users/carlosabdoamaral/.m2/repository/org/webjars/swagger-ui/4.15.5/swagger-ui-4.15.5.jar:/Users/carlosabdoamaral/.m2/repository/org/webjars/webjars-locator-core/0.55/webjars-locator-core-0.55.jar:/Users/carlosabdoamaral/.m2/repository/io/github/classgraph/classgraph/4.8.149/classgraph-4.8.149.jar:"/>
    <property name="sun.cpu.endian" value="little"/>
    <property name="user.home" value="/Users/carlosabdoamaral"/>
    <property name="user.language" value="en"/>
    <property name="java.specification.vendor" value="Oracle Corporation"/>
    <property name="java.version.date" value="2023-10-17"/>
    <property name="java.home" value="/Users/carlosabdoamaral/Library/Java/JavaVirtualMachines/openjdk-21.0.1/Contents/Home"/>
    <property name="file.separator" value="/"/>
    <property name="basedir" value="/Users/carlosabdoamaral/Documents/dass21"/>
    <property name="java.vm.compressedOopsMode" value="Zero based"/>
    <property name="line.separator" value="&#10;"/>
    <property name="java.vm.specification.vendor" value="Oracle Corporation"/>
    <property name="java.specification.name" value="Java Platform API Specification"/>
    <property name="FILE_LOG_CHARSET" value="UTF-8"/>
    <property name="java.awt.headless" value="true"/>
    <property name="apple.awt.application.name" value="ForkedBooter"/>
    <property name="surefire.real.class.path" value="/Users/carlosabdoamaral/Documents/dass21/target/surefire/surefirebooter-20231213231557245_3.jar"/>
    <property name="sun.management.compiler" value="HotSpot 64-Bit Tiered Compilers"/>
    <property name="ftp.nonProxyHosts" value="local|*.local|169.254/16|*.169.254/16"/>
    <property name="java.runtime.version" value="21.0.1+12-29"/>
    <property name="user.name" value="carlosabdoamaral"/>
    <property name="stdout.encoding" value="UTF-8"/>
    <property name="path.separator" value=":"/>
    <property name="os.version" value="14.2"/>
    <property name="java.runtime.name" value="OpenJDK Runtime Environment"/>
    <property name="file.encoding" value="UTF-8"/>
    <property name="java.vm.name" value="OpenJDK 64-Bit Server VM"/>
    <property name="localRepository" value="/Users/carlosabdoamaral/.m2/repository"/>
    <property name="java.vendor.url.bug" value="https://bugreport.java.com/bugreport/"/>
    <property name="java.io.tmpdir" value="/var/folders/gl/r8j28z5x29b0s5k_zdtzvd4h0000gn/T/"/>
    <property name="idea.version" value="2023.3.1"/>
    <property name="sonar.token" value="sqp_a6091fb147527a3624d5d05f8003150adfa9cc03"/>
    <property name="com.zaxxer.hikari.pool_number" value="1"/>
    <property name="java.version" value="21.0.1"/>
    <property name="user.dir" value="/Users/carlosabdoamaral/Documents/dass21"/>
    <property name="os.arch" value="aarch64"/>
    <property name="java.vm.specification.name" value="Java Virtual Machine Specification"/>
    <property name="PID" value="37842"/>
    <property name="CONSOLE_LOG_CHARSET" value="UTF-8"/>
    <property name="native.encoding" value="UTF-8"/>
    <property name="sonar.projectKey" value="dass21"/>
    <property name="java.library.path" value="/Users/carlosabdoamaral/Library/Java/Extensions:/Library/Java/Extensions:/Network/Library/Java/Extensions:/System/Library/Java/Extensions:/usr/lib/java:."/>
    <property name="java.vm.info" value="mixed mode, sharing"/>
    <property name="stderr.encoding" value="UTF-8"/>
    <property name="java.vendor" value="Oracle Corporation"/>
    <property name="java.vm.version" value="21.0.1+12-29"/>
    <property name="sun.io.unicode.encoding" value="UnicodeBig"/>
    <property name="socksNonProxyHosts" value="local|*.local|169.254/16|*.169.254/16"/>
    <property name="java.class.version" value="65.0"/>
  </properties>
  <testcase name="contextLoads" classname="com.carlosamaral.dass21.Dass21ApplicationTests" time="0.334">
    <system-out><![CDATA[23:15:57.899 [main] INFO org.springframework.test.context.support.AnnotationConfigContextLoaderUtils -- Could not detect default configuration classes for test class [com.carlosamaral.dass21.Dass21ApplicationTests]: Dass21ApplicationTests does not declare any static, non-private, non-final, nested classes annotated with @Configuration.
23:15:58.007 [main] INFO org.springframework.boot.test.context.SpringBootTestContextBootstrapper -- Found @SpringBootConfiguration com.carlosamaral.dass21.Dass21Application for test class com.carlosamaral.dass21.Dass21ApplicationTests
23:15:58.099 [main] INFO org.springframework.boot.devtools.restart.RestartApplicationListener -- Restart disabled due to context in which it is running

  .   ____          _            __ _ _
 /\\ / ___'_ __ _ _(_)_ __  __ _ \ \ \ \
( ( )\___ | '_ | '_| | '_ \/ _` | \ \ \ \
 \\/  ___)| |_)| | | | | || (_| |  ) ) ) )
  '  |____| .__|_| |_|_| |_\__, | / / / /
 =========|_|==============|___/=/_/_/_/
 :: Spring Boot ::                (v3.2.0)

2023-12-13T23:15:58.286-03:00  INFO 37842 --- [           main] c.c.dass21.Dass21ApplicationTests        : Starting Dass21ApplicationTests using Java 21.0.1 with PID 37842 (started by carlosabdoamaral in /Users/carlosabdoamaral/Documents/dass21)
2023-12-13T23:15:58.287-03:00  INFO 37842 --- [           main] c.c.dass21.Dass21ApplicationTests        : No active profile set, falling back to 1 default profile: "default"
2023-12-13T23:15:59.048-03:00  INFO 37842 --- [           main] .s.d.r.c.RepositoryConfigurationDelegate : Multiple Spring Data modules found, entering strict repository configuration mode
2023-12-13T23:15:59.049-03:00  INFO 37842 --- [           main] .s.d.r.c.RepositoryConfigurationDelegate : Bootstrapping Spring Data JDBC repositories in DEFAULT mode.
2023-12-13T23:15:59.066-03:00  INFO 37842 --- [           main] .RepositoryConfigurationExtensionSupport : Spring Data JDBC - Could not safely identify store assignment for repository candidate interface com.carlosamaral.dass21.repository.ParticipanteRepository; If you want this repository to be a JDBC repository, consider annotating your entities with one of these annotations: org.springframework.data.relational.core.mapping.Table.
2023-12-13T23:15:59.066-03:00  INFO 37842 --- [           main] .RepositoryConfigurationExtensionSupport : Spring Data JDBC - Could not safely identify store assignment for repository candidate interface com.carlosamaral.dass21.repository.RespostaRepository; If you want this repository to be a JDBC repository, consider annotating your entities with one of these annotations: org.springframework.data.relational.core.mapping.Table.
2023-12-13T23:15:59.067-03:00  INFO 37842 --- [           main] .s.d.r.c.RepositoryConfigurationDelegate : Finished Spring Data repository scanning in 15 ms. Found 0 JDBC repository interfaces.
2023-12-13T23:15:59.079-03:00  INFO 37842 --- [           main] .s.d.r.c.RepositoryConfigurationDelegate : Multiple Spring Data modules found, entering strict repository configuration mode
2023-12-13T23:15:59.080-03:00  INFO 37842 --- [           main] .s.d.r.c.RepositoryConfigurationDelegate : Bootstrapping Spring Data JPA repositories in DEFAULT mode.
2023-12-13T23:15:59.097-03:00  INFO 37842 --- [           main] .s.d.r.c.RepositoryConfigurationDelegate : Finished Spring Data repository scanning in 14 ms. Found 2 JPA repository interfaces.
2023-12-13T23:15:59.688-03:00  INFO 37842 --- [           main] o.hibernate.jpa.internal.util.LogHelper  : HHH000204: Processing PersistenceUnitInfo [name: default]
2023-12-13T23:15:59.727-03:00  INFO 37842 --- [           main] org.hibernate.Version                    : HHH000412: Hibernate ORM core version 6.3.1.Final
2023-12-13T23:15:59.746-03:00  INFO 37842 --- [           main] o.h.c.internal.RegionFactoryInitiator    : HHH000026: Second-level cache disabled
2023-12-13T23:15:59.875-03:00  INFO 37842 --- [           main] o.s.o.j.p.SpringPersistenceUnitInfo      : No LoadTimeWeaver setup: ignoring JPA class transformer
2023-12-13T23:15:59.901-03:00  INFO 37842 --- [           main] com.zaxxer.hikari.HikariDataSource       : HikariPool-1 - Starting...
2023-12-13T23:16:00.092-03:00  INFO 37842 --- [           main] com.zaxxer.hikari.pool.HikariPool        : HikariPool-1 - Added connection org.postgresql.jdbc.PgConnection@2507a170
2023-12-13T23:16:00.093-03:00  INFO 37842 --- [           main] com.zaxxer.hikari.HikariDataSource       : HikariPool-1 - Start completed.
2023-12-13T23:16:00.589-03:00  INFO 37842 --- [           main] o.h.e.t.j.p.i.JtaPlatformInitiator       : HHH000489: No JTA platform available (set 'hibernate.transaction.jta.platform' to enable JTA platform integration)
2023-12-13T23:16:00.656-03:00  INFO 37842 --- [           main] j.LocalContainerEntityManagerFactoryBean : Initialized JPA EntityManagerFactory for persistence unit 'default'
2023-12-13T23:16:00.837-03:00  INFO 37842 --- [           main] o.s.d.j.r.query.QueryEnhancerFactory     : JSqlParser is in classpath; If applicable, JSqlParser will be used
2023-12-13T23:16:00.837-03:00  INFO 37842 --- [           main] o.s.d.j.r.query.QueryEnhancerFactory     : Hibernate is in classpath; If applicable, HQL parser will be used.
2023-12-13T23:16:01.121-03:00  WARN 37842 --- [           main] JpaBaseConfiguration$JpaWebConfiguration : spring.jpa.open-in-view is enabled by default. Therefore, database queries may be performed during view rendering. Explicitly configure spring.jpa.open-in-view to disable this warning
2023-12-13T23:16:02.559-03:00  INFO 37842 --- [           main] o.s.b.a.e.web.EndpointLinksResolver      : Exposing 14 endpoint(s) beneath base path '/actuator'
2023-12-13T23:16:02.605-03:00  INFO 37842 --- [           main] c.c.dass21.Dass21ApplicationTests        : Started Dass21ApplicationTests in 4.514 seconds (process running for 5.309)
]]></system-out>
    <system-err><![CDATA[WARNING: A Java agent has been loaded dynamically (/Users/carlosabdoamaral/.m2/repository/net/bytebuddy/byte-buddy-agent/1.14.10/byte-buddy-agent-1.14.10.jar)
WARNING: If a serviceability tool is in use, please run with -XX:+EnableDynamicAgentLoading to hide this warning
WARNING: If a serviceability tool is not in use, please run with -Djdk.instrument.traceUsage for more information
WARNING: Dynamic loading of agents will be disallowed by default in a future release
]]></system-err>
  </testcase>
</testsuite>